<?xml version="1.0" encoding="UTF-8"?>
<testsuite name="uk.ac.ox.cs.xdrone.tests.XDroneParsingTest" time="0.282" tests="1" errors="0" skipped="0" failures="0">
  <properties>
    <property name="java.vendor" value="Oracle Corporation"/>
    <property name="osgi.bundles.defaultStartLevel" value="4"/>
    <property name="sun.java.launcher" value="SUN_STANDARD"/>
    <property name="org.osgi.supports.framework.extension" value="true"/>
    <property name="sun.management.compiler" value="HotSpot 64-Bit Tiered Compilers"/>
    <property name="os.name" value="Mac OS X"/>
    <property name="sun.boot.class.path" value="/Library/Java/JavaVirtualMachines/jdk1.8.0_92.jdk/Contents/Home/jre/lib/resources.jar:/Library/Java/JavaVirtualMachines/jdk1.8.0_92.jdk/Contents/Home/jre/lib/rt.jar:/Library/Java/JavaVirtualMachines/jdk1.8.0_92.jdk/Contents/Home/jre/lib/sunrsasign.jar:/Library/Java/JavaVirtualMachines/jdk1.8.0_92.jdk/Contents/Home/jre/lib/jsse.jar:/Library/Java/JavaVirtualMachines/jdk1.8.0_92.jdk/Contents/Home/jre/lib/jce.jar:/Library/Java/JavaVirtualMachines/jdk1.8.0_92.jdk/Contents/Home/jre/lib/charsets.jar:/Library/Java/JavaVirtualMachines/jdk1.8.0_92.jdk/Contents/Home/jre/lib/jfr.jar:/Library/Java/JavaVirtualMachines/jdk1.8.0_92.jdk/Contents/Home/jre/classes"/>
    <property name="osgi.ws" value="cocoa"/>
    <property name="java.vm.specification.vendor" value="Oracle Corporation"/>
    <property name="java.runtime.version" value="1.8.0_92-b14"/>
    <property name="osgi.instance.area" value="file:/Users/axelronquist/git/xTextLanguage/uk.ac.ox.cs.xdrone.parent/uk.ac.ox.cs.xdrone.tests/target/work/data/"/>
    <property name="org.osgi.framework.uuid" value="d00ebdb7-cb29-0017-1e22-cb784705bf86"/>
    <property name="osgi.noShutdown" value="false"/>
    <property name="user.name" value="axelronquist"/>
    <property name="org.osgi.framework.system.packages" value="javax.accessibility,javax.activation,javax.activity,javax.annotation,javax.annotation.processing,javax.crypto,javax.crypto.interfaces,javax.crypto.spec,javax.imageio,javax.imageio.event,javax.imageio.metadata,javax.imageio.plugins.bmp,javax.imageio.plugins.jpeg,javax.imageio.spi,javax.imageio.stream,javax.jws,javax.jws.soap,javax.lang.model,javax.lang.model.element,javax.lang.model.type,javax.lang.model.util,javax.management,javax.management.loading,javax.management.modelmbean,javax.management.monitor,javax.management.openmbean,javax.management.relation,javax.management.remote,javax.management.remote.rmi,javax.management.timer,javax.naming,javax.naming.directory,javax.naming.event,javax.naming.ldap,javax.naming.spi,javax.net,javax.net.ssl,javax.print,javax.print.attribute,javax.print.attribute.standard,javax.print.event,javax.rmi,javax.rmi.CORBA,javax.rmi.ssl,javax.script,javax.security.auth,javax.security.auth.callback,javax.security.auth.kerberos,javax.security.auth.login,javax.security.auth.spi,javax.security.auth.x500,javax.security.cert,javax.security.sasl,javax.sound.midi,javax.sound.midi.spi,javax.sound.sampled,javax.sound.sampled.spi,javax.sql,javax.sql.rowset,javax.sql.rowset.serial,javax.sql.rowset.spi,javax.swing,javax.swing.border,javax.swing.colorchooser,javax.swing.event,javax.swing.filechooser,javax.swing.plaf,javax.swing.plaf.basic,javax.swing.plaf.metal,javax.swing.plaf.multi,javax.swing.plaf.nimbus,javax.swing.plaf.synth,javax.swing.table,javax.swing.text,javax.swing.text.html,javax.swing.text.html.parser,javax.swing.text.rtf,javax.swing.tree,javax.swing.undo,javax.tools,javax.transaction,javax.transaction.xa,javax.xml,javax.xml.bind,javax.xml.bind.annotation,javax.xml.bind.annotation.adapters,javax.xml.bind.attachment,javax.xml.bind.helpers,javax.xml.bind.util,javax.xml.crypto,javax.xml.crypto.dom,javax.xml.crypto.dsig,javax.xml.crypto.dsig.dom,javax.xml.crypto.dsig.keyinfo,javax.xml.crypto.dsig.spec,javax.xml.datatype,javax.xml.namespace,javax.xml.parsers,javax.xml.soap,javax.xml.stream,javax.xml.stream.events,javax.xml.stream.util,javax.xml.transform,javax.xml.transform.dom,javax.xml.transform.sax,javax.xml.transform.stax,javax.xml.transform.stream,javax.xml.validation,javax.xml.ws,javax.xml.ws.handler,javax.xml.ws.handler.soap,javax.xml.ws.http,javax.xml.ws.soap,javax.xml.ws.spi,javax.xml.ws.spi.http,javax.xml.ws.wsaddressing,javax.xml.xpath,org.ietf.jgss,org.omg.CORBA,org.omg.CORBA_2_3,org.omg.CORBA_2_3.portable,org.omg.CORBA.DynAnyPackage,org.omg.CORBA.ORBPackage,org.omg.CORBA.portable,org.omg.CORBA.TypeCodePackage,org.omg.CosNaming,org.omg.CosNaming.NamingContextExtPackage,org.omg.CosNaming.NamingContextPackage,org.omg.Dynamic,org.omg.DynamicAny,org.omg.DynamicAny.DynAnyFactoryPackage,org.omg.DynamicAny.DynAnyPackage,org.omg.IOP,org.omg.IOP.CodecFactoryPackage,org.omg.IOP.CodecPackage,org.omg.Messaging,org.omg.PortableInterceptor,org.omg.PortableInterceptor.ORBInitInfoPackage,org.omg.PortableServer,org.omg.PortableServer.CurrentPackage,org.omg.PortableServer.POAManagerPackage,org.omg.PortableServer.POAPackage,org.omg.PortableServer.portable,org.omg.PortableServer.ServantLocatorPackage,org.omg.SendingContext,org.omg.stub.java.rmi,org.w3c.dom,org.w3c.dom.bootstrap,org.w3c.dom.css,org.w3c.dom.events,org.w3c.dom.html,org.w3c.dom.ls,org.w3c.dom.ranges,org.w3c.dom.stylesheets,org.w3c.dom.traversal,org.w3c.dom.views,org.w3c.dom.xpath,org.xml.sax,org.xml.sax.ext,org.xml.sax.helpers"/>
    <property name="equinox.use.ds" value="true"/>
    <property name="org.osgi.framework.language" value="en"/>
    <property name="user.language" value="en"/>
    <property name="org.osgi.framework.processor" value="x86-64"/>
    <property name="osgi.syspath" value="/Users/axelronquist/.m2/repository/p2/osgi/bundle/org.eclipse.osgi/3.10.100.v20150529-1857"/>
    <property name="sun.boot.library.path" value="/Library/Java/JavaVirtualMachines/jdk1.8.0_92.jdk/Contents/Home/jre/lib"/>
    <property name="org.osgi.framework.system.capabilities" value="osgi.ee; osgi.ee=&quot;OSGi/Minimum&quot;; version:List&lt;Version&gt;=&quot;1.0, 1.1, 1.2&quot;,osgi.ee; osgi.ee=&quot;JRE&quot;; version:List&lt;Version&gt;=&quot;1.0, 1.1&quot;,osgi.ee; osgi.ee=&quot;JavaSE&quot;; version:List&lt;Version&gt;=&quot;1.0, 1.1, 1.2, 1.3, 1.4, 1.5, 1.6, 1.7, 1.8&quot;,osgi.ee; osgi.ee=&quot;JavaSE/compact1&quot;; version:List&lt;Version&gt;=&quot;1.8&quot;,osgi.ee; osgi.ee=&quot;JavaSE/compact2&quot;; version:List&lt;Version&gt;=&quot;1.8&quot;,osgi.ee; osgi.ee=&quot;JavaSE/compact3&quot;; version:List&lt;Version&gt;=&quot;1.8&quot;"/>
    <property name="osgi.compatibility.bootdelegation" value="true"/>
    <property name="java.version" value="1.8.0_92"/>
    <property name="org.osgi.framework.os.name" value="MacOSX"/>
    <property name="user.timezone" value="Europe/London"/>
    <property name="sun.arch.data.model" value="64"/>
    <property name="osgi.bundles" value="reference:file:/Users/axelronquist/.m2/repository/p2/osgi/bundle/com.google.guava/15.0.0.v201403281430/com.google.guava-15.0.0.v201403281430.jar,reference:file:/Users/axelronquist/.m2/repository/p2/osgi/bundle/com.google.inject/3.0.0.v201312141243/com.google.inject-3.0.0.v201312141243.jar,reference:file:/Users/axelronquist/.m2/repository/p2/osgi/bundle/javax.inject/1.0.0.v20091030/javax.inject-1.0.0.v20091030.jar,reference:file:/Users/axelronquist/.m2/repository/p2/osgi/bundle/javax.annotation/1.2.0.v201401042248/javax.annotation-1.2.0.v201401042248.jar,reference:file:/Users/axelronquist/.m2/repository/p2/osgi/bundle/javax.xml/1.3.4.v201005080400/javax.xml-1.3.4.v201005080400.jar,reference:file:/Users/axelronquist/.m2/repository/p2/osgi/bundle/org.apache.batik.css/1.7.0.v201011041433/org.apache.batik.css-1.7.0.v201011041433.jar,reference:file:/Users/axelronquist/.m2/repository/p2/osgi/bundle/org.apache.batik.util/1.7.0.v201011041433/org.apache.batik.util-1.7.0.v201011041433.jar,reference:file:/Users/axelronquist/.m2/repository/p2/osgi/bundle/org.w3c.dom.events/3.0.0.draft20060413_v201105210656/org.w3c.dom.events-3.0.0.draft20060413_v201105210656.jar,reference:file:/Users/axelronquist/.m2/repository/p2/osgi/bundle/org.w3c.css.sac/1.3.1.v200903091627/org.w3c.css.sac-1.3.1.v200903091627.jar,reference:file:/Users/axelronquist/.m2/repository/p2/osgi/bundle/org.w3c.dom.svg/1.1.0.v201011041433/org.w3c.dom.svg-1.1.0.v201011041433.jar,reference:file:/Users/axelronquist/.m2/repository/p2/osgi/bundle/org.apache.batik.util.gui/1.7.0.v200903091627/org.apache.batik.util.gui-1.7.0.v200903091627.jar,reference:file:/Users/axelronquist/.m2/repository/p2/osgi/bundle/org.apache.commons.cli/1.2.0.v201404270220/org.apache.commons.cli-1.2.0.v201404270220.jar,reference:file:/Users/axelronquist/.m2/repository/p2/osgi/bundle/org.apache.commons.lang/2.6.0.v201404270220/org.apache.commons.lang-2.6.0.v201404270220.jar,reference:file:/Users/axelronquist/.m2/repository/p2/osgi/bundle/org.apache.commons.logging/1.1.1.v201101211721/org.apache.commons.logging-1.1.1.v201101211721.jar,reference:file:/Users/axelronquist/.m2/repository/p2/osgi/bundle/org.eclipse.osgi.services/3.5.0.v20150519-2006/org.eclipse.osgi.services-3.5.0.v20150519-2006.jar,reference:file:/Users/axelronquist/.m2/repository/p2/osgi/bundle/org.eclipse.compare/3.5.600.v20150420-1449/org.eclipse.compare-3.5.600.v20150420-1449.jar,reference:file:/Users/axelronquist/.m2/repository/p2/osgi/bundle/org.eclipse.ui/3.107.0.v20150507-1945/org.eclipse.ui-3.107.0.v20150507-1945.jar,reference:file:/Users/axelronquist/.m2/repository/p2/osgi/bundle/org.eclipse.core.resources/3.10.0.v20150423-0755/org.eclipse.core.resources-3.10.0.v20150423-0755.jar,reference:file:/Users/axelronquist/.m2/repository/p2/osgi/bundle/org.eclipse.jface.text/3.10.0.v20150603-1752/org.eclipse.jface.text-3.10.0.v20150603-1752.jar,reference:file:/Users/axelronquist/.m2/repository/p2/osgi/bundle/org.eclipse.ui.ide/3.11.0.v20150510-1749/org.eclipse.ui.ide-3.11.0.v20150510-1749.jar,reference:file:/Users/axelronquist/.m2/repository/p2/osgi/bundle/org.eclipse.ui.views/3.8.0.v20150422-0725/org.eclipse.ui.views-3.8.0.v20150422-0725.jar,reference:file:/Users/axelronquist/.m2/repository/p2/osgi/bundle/org.eclipse.ui.workbench.texteditor/3.9.100.v20141023-1946/org.eclipse.ui.workbench.texteditor-3.9.100.v20141023-1946.jar,reference:file:/Users/axelronquist/.m2/repository/p2/osgi/bundle/org.eclipse.core.runtime/3.11.0.v20150405-1723/org.eclipse.core.runtime-3.11.0.v20150405-1723.jar@4:start,reference:file:/Users/axelronquist/.m2/repository/p2/osgi/bundle/org.eclipse.core.expressions/3.5.0.v20150421-2214/org.eclipse.core.expressions-3.5.0.v20150421-2214.jar,reference:file:/Users/axelronquist/.m2/repository/p2/osgi/bundle/org.eclipse.ui.editors/3.9.0.v20150213-1939/org.eclipse.ui.editors-3.9.0.v20150213-1939.jar,reference:file:/Users/axelronquist/.m2/repository/p2/osgi/bundle/org.eclipse.ui.forms/3.6.200.v20150506-2029/org.eclipse.ui.forms-3.6.200.v20150506-2029.jar,reference:file:/Users/axelronquist/.m2/repository/p2/osgi/bundle/org.eclipse.compare.core/3.5.500.v20150505-1058/org.eclipse.compare.core-3.5.500.v20150505-1058.jar,reference:file:/Users/axelronquist/.m2/repository/p2/osgi/bundle/com.ibm.icu/54.1.1.v201501272100/com.ibm.icu-54.1.1.v201501272100.jar,reference:file:/Users/axelronquist/.m2/repository/p2/osgi/bundle/org.eclipse.core.commands/3.7.0.v20150422-0725/org.eclipse.core.commands-3.7.0.v20150422-0725.jar,reference:file:/Users/axelronquist/.m2/repository/p2/osgi/bundle/org.eclipse.equinox.common/3.7.0.v20150402-1709/org.eclipse.equinox.common-3.7.0.v20150402-1709.jar@2:start,reference:file:/Users/axelronquist/.m2/repository/p2/osgi/bundle/org.eclipse.core.contenttype/3.5.0.v20150421-2214/org.eclipse.core.contenttype-3.5.0.v20150421-2214.jar,reference:file:/Users/axelronquist/.m2/repository/p2/osgi/bundle/org.eclipse.equinox.preferences/3.5.300.v20150408-1437/org.eclipse.equinox.preferences-3.5.300.v20150408-1437.jar,reference:file:/Users/axelronquist/.m2/repository/p2/osgi/bundle/org.eclipse.equinox.registry/3.6.0.v20150318-1503/org.eclipse.equinox.registry-3.6.0.v20150318-1503.jar,reference:file:/Users/axelronquist/.m2/repository/p2/osgi/bundle/org.eclipse.core.databinding/1.5.0.v20150422-0725/org.eclipse.core.databinding-1.5.0.v20150422-0725.jar,reference:file:/Users/axelronquist/.m2/repository/p2/osgi/bundle/org.eclipse.core.databinding.observable/1.5.0.v20150422-0725/org.eclipse.core.databinding.observable-1.5.0.v20150422-0725.jar,reference:file:/Users/axelronquist/.m2/repository/p2/osgi/bundle/org.eclipse.core.databinding.property/1.5.0.v20150422-0725/org.eclipse.core.databinding.property-1.5.0.v20150422-0725.jar,reference:file:/Users/axelronquist/.m2/repository/p2/osgi/bundle/org.eclipse.core.filebuffers/3.5.500.v20140723-1040/org.eclipse.core.filebuffers-3.5.500.v20140723-1040.jar,reference:file:/Users/axelronquist/.m2/repository/p2/osgi/bundle/org.eclipse.text/3.5.400.v20150505-1044/org.eclipse.text-3.5.400.v20150505-1044.jar,reference:file:/Users/axelronquist/.m2/repository/p2/osgi/bundle/org.eclipse.core.filesystem/1.5.0.v20150421-0713/org.eclipse.core.filesystem-1.5.0.v20150421-0713.jar,reference:file:/Users/axelronquist/.m2/repository/p2/osgi/bundle/org.eclipse.core.jobs/3.7.0.v20150330-2103/org.eclipse.core.jobs-3.7.0.v20150330-2103.jar,reference:file:/Users/axelronquist/.m2/repository/p2/osgi/bundle/org.eclipse.core.net/1.2.300.v20141118-1725/org.eclipse.core.net-1.2.300.v20141118-1725.jar,reference:file:/Users/axelronquist/.m2/repository/p2/osgi/bundle/org.eclipse.equinox.security/1.2.100.v20150423-1356/org.eclipse.equinox.security-1.2.100.v20150423-1356.jar,reference:file:/Users/axelronquist/.m2/repository/p2/osgi/bundle/org.eclipse.equinox.app/1.3.300.v20150423-1356/org.eclipse.equinox.app-1.3.300.v20150423-1356.jar,reference:file:/Users/axelronquist/.m2/repository/p2/osgi/bundle/org.eclipse.core.variables/3.2.800.v20130819-1716/org.eclipse.core.variables-3.2.800.v20130819-1716.jar,reference:file:/Users/axelronquist/.m2/repository/p2/osgi/bundle/org.eclipse.debug.core/3.10.0.v20150303-1130/org.eclipse.debug.core-3.10.0.v20150303-1130.jar,reference:file:/Users/axelronquist/.m2/repository/p2/osgi/bundle/org.eclipse.debug.ui/3.11.0.v20150514-0917/org.eclipse.debug.ui-3.11.0.v20150514-0917.jar,reference:file:/Users/axelronquist/.m2/repository/p2/osgi/bundle/org.eclipse.ui.console/3.6.0.v20150512-1341/org.eclipse.ui.console-3.6.0.v20150512-1341.jar,reference:file:/Users/axelronquist/.m2/repository/p2/osgi/bundle/org.eclipse.help/3.6.0.v20130326-1254/org.eclipse.help-3.6.0.v20130326-1254.jar,reference:file:/Users/axelronquist/.m2/repository/p2/osgi/bundle/org.eclipse.e4.core.commands/0.11.0.v20150422-0725/org.eclipse.e4.core.commands-0.11.0.v20150422-0725.jar,reference:file:/Users/axelronquist/.m2/repository/p2/osgi/bundle/org.eclipse.e4.core.di/1.5.0.v20150421-2214/org.eclipse.e4.core.di-1.5.0.v20150421-2214.jar,reference:file:/Users/axelronquist/.m2/repository/p2/osgi/bundle/org.eclipse.e4.core.contexts/1.4.0.v20150421-2214/org.eclipse.e4.core.contexts-1.4.0.v20150421-2214.jar,reference:file:/Users/axelronquist/.m2/repository/p2/osgi/bundle/org.eclipse.e4.core.services/2.0.0.v20150403-1912/org.eclipse.e4.core.services-2.0.0.v20150403-1912.jar,reference:file:/Users/axelronquist/.m2/repository/p2/osgi/bundle/org.eclipse.e4.core.di.annotations/1.4.0.v20150528-1451/org.eclipse.e4.core.di.annotations-1.4.0.v20150528-1451.jar,reference:file:/Users/axelronquist/.m2/repository/p2/osgi/bundle/org.eclipse.e4.core.di.extensions/0.13.0.v20150421-2214/org.eclipse.e4.core.di.extensions-0.13.0.v20150421-2214.jar,reference:file:/Users/axelronquist/.m2/repository/p2/osgi/bundle/org.eclipse.e4.emf.xpath/0.1.100.v20150513-0856/org.eclipse.e4.emf.xpath-0.1.100.v20150513-0856.jar,reference:file:/Users/axelronquist/.m2/repository/p2/osgi/bundle/org.apache.commons.jxpath/1.3.0.v200911051830/org.apache.commons.jxpath-1.3.0.v200911051830.jar,reference:file:/Users/axelronquist/.m2/repository/p2/osgi/bundle/org.eclipse.emf.ecore/2.11.0.v20150512-0501/org.eclipse.emf.ecore-2.11.0.v20150512-0501.jar,reference:file:/Users/axelronquist/.m2/repository/p2/osgi/bundle/org.eclipse.e4.ui.bindings/0.11.0.v20150422-0725/org.eclipse.e4.ui.bindings-0.11.0.v20150422-0725.jar,reference:file:/Users/axelronquist/.m2/repository/p2/osgi/bundle/org.eclipse.swt/3.104.0.v20150528-0211/org.eclipse.swt-3.104.0.v20150528-0211.jar,reference:file:/Users/axelronquist/.m2/repository/p2/osgi/bundle/org.eclipse.jface/3.11.0.v20150602-1400/org.eclipse.jface-3.11.0.v20150602-1400.jar,reference:file:/Users/axelronquist/.m2/repository/p2/osgi/bundle/org.eclipse.e4.ui.css.core/0.11.0.v20150511-1937/org.eclipse.e4.ui.css.core-0.11.0.v20150511-1937.jar,reference:file:/Users/axelronquist/.m2/repository/p2/osgi/bundle/org.eclipse.e4.ui.css.swt/0.12.0.v20150511-1003/org.eclipse.e4.ui.css.swt-0.12.0.v20150511-1003.jar,reference:file:/Users/axelronquist/.m2/repository/p2/osgi/bundle/org.eclipse.e4.ui.css.swt.theme/0.10.0.v20150422-0725/org.eclipse.e4.ui.css.swt.theme-0.10.0.v20150422-0725.jar,reference:file:/Users/axelronquist/.m2/repository/p2/osgi/bundle/org.eclipse.e4.ui.di/1.1.0.v20150422-0725/org.eclipse.e4.ui.di-1.1.0.v20150422-0725.jar,reference:file:/Users/axelronquist/.m2/repository/p2/osgi/bundle/org.eclipse.e4.ui.model.workbench/1.1.100.v20150407-1430/org.eclipse.e4.ui.model.workbench-1.1.100.v20150407-1430.jar,reference:file:/Users/axelronquist/.m2/repository/p2/osgi/bundle/org.eclipse.e4.ui.services/1.2.0.v20150422-0725/org.eclipse.e4.ui.services-1.2.0.v20150422-0725.jar,reference:file:/Users/axelronquist/.m2/repository/p2/osgi/bundle/org.eclipse.e4.ui.widgets/1.1.0.v20150427-1751/org.eclipse.e4.ui.widgets-1.1.0.v20150427-1751.jar,reference:file:/Users/axelronquist/.m2/repository/p2/osgi/bundle/org.eclipse.e4.ui.workbench/1.3.0.v20150531-1948/org.eclipse.e4.ui.workbench-1.3.0.v20150531-1948.jar,reference:file:/Users/axelronquist/.m2/repository/p2/osgi/bundle/org.eclipse.emf.ecore.change/2.11.0.v20150512-0501/org.eclipse.emf.ecore.change-2.11.0.v20150512-0501.jar,reference:file:/Users/axelronquist/.m2/repository/p2/osgi/bundle/org.eclipse.emf.ecore.xmi/2.11.0.v20150512-0501/org.eclipse.emf.ecore.xmi-2.11.0.v20150512-0501.jar,reference:file:/Users/axelronquist/.m2/repository/p2/osgi/bundle/org.eclipse.e4.ui.workbench.addons.swt/1.2.0.v20150512-1414/org.eclipse.e4.ui.workbench.addons.swt-1.2.0.v20150512-1414.jar,reference:file:/Users/axelronquist/.m2/repository/p2/osgi/bundle/org.eclipse.e4.ui.workbench.renderers.swt/0.13.0.v20150603-0857/org.eclipse.e4.ui.workbench.renderers.swt-0.13.0.v20150603-0857.jar,reference:file:/Users/axelronquist/.m2/repository/p2/osgi/bundle/org.eclipse.e4.ui.workbench.swt/0.13.0.v20150504-0621/org.eclipse.e4.ui.workbench.swt-0.13.0.v20150504-0621.jar,reference:file:/Users/axelronquist/.m2/repository/p2/osgi/bundle/org.eclipse.jface.databinding/1.7.0.v20150406-2148/org.eclipse.jface.databinding-1.7.0.v20150406-2148.jar,reference:file:/Users/axelronquist/.m2/repository/p2/osgi/bundle/org.eclipse.e4.ui.workbench3/0.13.0.v20150422-0725/org.eclipse.e4.ui.workbench3-0.13.0.v20150422-0725.jar,reference:file:/Users/axelronquist/.m2/repository/p2/osgi/bundle/org.eclipse.equinox.ds/1.4.300.v20150423-1356/org.eclipse.equinox.ds-1.4.300.v20150423-1356.jar@1:start,reference:file:/Users/axelronquist/.m2/repository/p2/osgi/bundle/org.eclipse.emf.codegen/2.11.0.v20150601-0402/org.eclipse.emf.codegen-2.11.0.v20150601-0402.jar,reference:file:/Users/axelronquist/.m2/repository/p2/osgi/bundle/org.eclipse.emf.common/2.11.0.v20150512-0501/org.eclipse.emf.common-2.11.0.v20150512-0501.jar,reference:file:/Users/axelronquist/.m2/repository/p2/osgi/bundle/org.eclipse.jdt.core/3.11.0.v20150602-1242/org.eclipse.jdt.core-3.11.0.v20150602-1242.jar,reference:file:/Users/axelronquist/.m2/repository/p2/osgi/bundle/org.eclipse.jdt.launching/3.8.0.v20150527-0946/org.eclipse.jdt.launching-3.8.0.v20150527-0946.jar,reference:file:/Users/axelronquist/.m2/repository/p2/osgi/bundle/org.eclipse.emf.codegen.ecore/2.11.0.v20150601-0402/org.eclipse.emf.codegen.ecore-2.11.0.v20150601-0402.jar,reference:file:/Users/axelronquist/.m2/repository/p2/osgi/bundle/org.eclipse.emf.common.ui/2.10.0.v20150601-0402/org.eclipse.emf.common.ui-2.10.0.v20150601-0402.jar,reference:file:/Users/axelronquist/.m2/repository/p2/osgi/bundle/org.eclipse.emf.ecore.edit/2.9.0.v20150601-0402/org.eclipse.emf.ecore.edit-2.9.0.v20150601-0402.jar,reference:file:/Users/axelronquist/.m2/repository/p2/osgi/bundle/org.eclipse.emf.edit/2.11.0.v20150601-0402/org.eclipse.emf.edit-2.11.0.v20150601-0402.jar,reference:file:/Users/axelronquist/.m2/repository/p2/osgi/bundle/org.eclipse.emf.ecore.editor/2.11.0.v20150601-0402/org.eclipse.emf.ecore.editor-2.11.0.v20150601-0402.jar,reference:file:/Users/axelronquist/.m2/repository/p2/osgi/bundle/org.eclipse.emf.edit.ui/2.11.0.v20150601-0402/org.eclipse.emf.edit.ui-2.11.0.v20150601-0402.jar,reference:file:/Users/axelronquist/.m2/repository/p2/osgi/bundle/org.eclipse.ui.workbench/3.107.0.v20150510-1732/org.eclipse.ui.workbench-3.107.0.v20150510-1732.jar,reference:file:/Users/axelronquist/.m2/repository/p2/osgi/bundle/org.eclipse.emf.mwe.core/1.3.11.v201508030321/org.eclipse.emf.mwe.core-1.3.11.v201508030321.jar,reference:file:/Users/axelronquist/.m2/repository/p2/osgi/bundle/org.apache.ant/1.9.4.v201504302020/org.apache.ant-1.9.4.v201504302020.jar,reference:file:/Users/axelronquist/.m2/repository/p2/osgi/bundle/org.eclipse.emf.mwe2.runtime/2.8.1.v201508030321/org.eclipse.emf.mwe2.runtime-2.8.1.v201508030321.jar,reference:file:/Users/axelronquist/.m2/repository/p2/osgi/bundle/org.eclipse.emf.mwe.utils/1.3.11.v201508030321/org.eclipse.emf.mwe.utils-1.3.11.v201508030321.jar,reference:file:/Users/axelronquist/.m2/repository/p2/osgi/bundle/org.eclipse.emf.mwe2.lib/2.8.1.v201508030321/org.eclipse.emf.mwe2.lib-2.8.1.v201508030321.jar,reference:file:/Users/axelronquist/.m2/repository/p2/osgi/bundle/org.apache.log4j/1.2.15.v201012070815/org.apache.log4j-1.2.15.v201012070815.jar,reference:file:/Users/axelronquist/.m2/repository/p2/osgi/bundle/org.eclipse.equinox.bidi/0.10.0.v20130327-1442/org.eclipse.equinox.bidi-0.10.0.v20130327-1442.jar,reference:file:/Users/axelronquist/.m2/repository/p2/osgi/bundle/org.eclipse.equinox.util/1.0.500.v20130404-1337/org.eclipse.equinox.util-1.0.500.v20130404-1337.jar,reference:file:/Users/axelronquist/.m2/repository/p2/osgi/bundle/org.eclipse.equinox.p2.core/2.4.0.v20150527-1706/org.eclipse.equinox.p2.core-2.4.0.v20150527-1706.jar,reference:file:/Users/axelronquist/.m2/repository/p2/osgi/bundle/org.eclipse.equinox.p2.engine/2.4.0.v20150511-1532/org.eclipse.equinox.p2.engine-2.4.0.v20150511-1532.jar,reference:file:/Users/axelronquist/.m2/repository/p2/osgi/bundle/org.eclipse.equinox.p2.metadata/2.3.0.v20150511-1532/org.eclipse.equinox.p2.metadata-2.3.0.v20150511-1532.jar,reference:file:/Users/axelronquist/.m2/repository/p2/osgi/bundle/org.eclipse.equinox.p2.metadata.repository/1.2.200.v20150428-1613/org.eclipse.equinox.p2.metadata.repository-1.2.200.v20150428-1613.jar,reference:file:/Users/axelronquist/.m2/repository/p2/osgi/bundle/org.eclipse.equinox.p2.repository/2.3.100.v20150428-1613/org.eclipse.equinox.p2.repository-2.3.100.v20150428-1613.jar,reference:file:/Users/axelronquist/.m2/repository/p2/osgi/bundle/org.tukaani.xz/1.3.0.v201308270617/org.tukaani.xz-1.3.0.v201308270617.jar,reference:file:/Users/axelronquist/.m2/repository/p2/osgi/bundle/org.eclipse.jdt.core.manipulation/1.5.100.v20141002-1241/org.eclipse.jdt.core.manipulation-1.5.100.v20141002-1241.jar,reference:file:/Users/axelronquist/.m2/repository/p2/osgi/bundle/org.eclipse.ltk.core.refactoring/3.6.200.v20140826-0859/org.eclipse.ltk.core.refactoring-3.6.200.v20140826-0859.jar,reference:file:/Users/axelronquist/git/xTextLanguage/uk.ac.ox.cs.xdrone.parent/uk.ac.ox.cs.xdrone.tests/target/work/plugins/org.eclipse.jdt.debug_3.9.0.v20150528-1838,reference:file:/Users/axelronquist/.m2/repository/p2/osgi/bundle/org.eclipse.jdt.debug.ui/3.7.0.v20150505-1916/org.eclipse.jdt.debug.ui-3.7.0.v20150505-1916.jar,reference:file:/Users/axelronquist/.m2/repository/p2/osgi/bundle/org.eclipse.jdt.ui/3.11.0.v20150527-0925/org.eclipse.jdt.ui-3.11.0.v20150527-0925.jar,reference:file:/Users/axelronquist/.m2/repository/p2/osgi/bundle/org.eclipse.search/3.10.0.v20150318-0856/org.eclipse.search-3.10.0.v20150318-0856.jar,reference:file:/Users/axelronquist/.m2/repository/p2/osgi/bundle/org.eclipse.team.ui/3.7.200.v20150203-1452/org.eclipse.team.ui-3.7.200.v20150203-1452.jar,reference:file:/Users/axelronquist/.m2/repository/p2/osgi/bundle/org.eclipse.team.core/3.7.100.v20150203-1452/org.eclipse.team.core-3.7.100.v20150203-1452.jar,reference:file:/Users/axelronquist/.m2/repository/p2/osgi/bundle/org.eclipse.ltk.ui.refactoring/3.7.200.v20140625-1835/org.eclipse.ltk.ui.refactoring-3.7.200.v20140625-1835.jar,reference:file:/Users/axelronquist/.m2/repository/p2/osgi/bundle/org.eclipse.ui.navigator/3.6.0.v20150422-0725/org.eclipse.ui.navigator-3.6.0.v20150422-0725.jar,reference:file:/Users/axelronquist/.m2/repository/p2/osgi/bundle/org.eclipse.ui.navigator.resources/3.5.0.v20150422-0725/org.eclipse.ui.navigator.resources-3.5.0.v20150422-0725.jar,reference:file:/Users/axelronquist/.m2/repository/p2/osgi/bundle/org.eclipse.swt.cocoa.macosx.x86_64/3.104.0.v20150528-0211/org.eclipse.swt.cocoa.macosx.x86_64-3.104.0.v20150528-0211.jar,reference:file:/Users/axelronquist/.m2/repository/p2/osgi/bundle/org.eclipse.ui.ide.application/1.1.0.v20150422-0725/org.eclipse.ui.ide.application-1.1.0.v20150422-0725.jar,reference:file:/Users/axelronquist/.m2/repository/p2/osgi/bundle/org.eclipse.ui.views.properties.tabbed/3.6.100.v20150423-0822/org.eclipse.ui.views.properties.tabbed-3.6.100.v20150423-0822.jar,reference:file:/Users/axelronquist/.m2/repository/p2/osgi/bundle/org.eclipse.xpand/2.1.0.v201505260349/org.eclipse.xpand-2.1.0.v201505260349.jar,reference:file:/Users/axelronquist/.m2/repository/p2/osgi/bundle/org.eclipse.xtend/2.1.0.v201505260349/org.eclipse.xtend-2.1.0.v201505260349.jar,reference:file:/Users/axelronquist/.m2/repository/p2/osgi/bundle/org.antlr.runtime/3.2.0.v201101311130/org.antlr.runtime-3.2.0.v201101311130.jar,reference:file:/Users/axelronquist/.m2/repository/p2/osgi/bundle/org.eclipse.xtend.lib/2.10.0.v201605250459/org.eclipse.xtend.lib-2.10.0.v201605250459.jar,reference:file:/Users/axelronquist/.m2/repository/p2/osgi/bundle/org.eclipse.xtext.xbase.lib/2.10.0.v201605250459/org.eclipse.xtext.xbase.lib-2.10.0.v201605250459.jar,reference:file:/Users/axelronquist/.m2/repository/p2/osgi/bundle/org.eclipse.xtend.lib.macro/2.10.0.v201605250459/org.eclipse.xtend.lib.macro-2.10.0.v201605250459.jar,reference:file:/Users/axelronquist/.m2/repository/p2/osgi/bundle/org.eclipse.xtend.typesystem.emf/2.1.0.v201505260349/org.eclipse.xtend.typesystem.emf-2.1.0.v201505260349.jar,reference:file:/Users/axelronquist/.m2/repository/p2/osgi/bundle/org.eclipse.xtext/2.10.0.v201605250459/org.eclipse.xtext-2.10.0.v201605250459.jar,reference:file:/Users/axelronquist/.m2/repository/p2/osgi/bundle/org.eclipse.xtext.util/2.10.0.v201605250459/org.eclipse.xtext.util-2.10.0.v201605250459.jar,reference:file:/Users/axelronquist/.m2/repository/p2/osgi/bundle/org.eclipse.xtext.smap/2.10.0.v201605250459/org.eclipse.xtext.smap-2.10.0.v201605250459.jar,reference:file:/Users/axelronquist/.m2/repository/p2/osgi/bundle/org.eclipse.xtext.builder/2.10.0.v201605250459/org.eclipse.xtext.builder-2.10.0.v201605250459.jar,reference:file:/Users/axelronquist/.m2/repository/p2/osgi/bundle/org.eclipse.xtext.ui/2.10.0.v201605250459/org.eclipse.xtext.ui-2.10.0.v201605250459.jar,reference:file:/Users/axelronquist/.m2/repository/p2/osgi/bundle/org.eclipse.xtext.common.types.ui/2.10.0.v201605250459/org.eclipse.xtext.common.types.ui-2.10.0.v201605250459.jar,reference:file:/Users/axelronquist/.m2/repository/p2/osgi/bundle/org.eclipse.xtext.builder.standalone/2.10.0.v201605250459/org.eclipse.xtext.builder.standalone-2.10.0.v201605250459.jar,reference:file:/Users/axelronquist/.m2/repository/p2/osgi/bundle/org.eclipse.xtext.common.types/2.10.0.v201605250459/org.eclipse.xtext.common.types-2.10.0.v201605250459.jar,reference:file:/Users/axelronquist/.m2/repository/p2/osgi/bundle/org.objectweb.asm/5.0.1.v201404251740/org.objectweb.asm-5.0.1.v201404251740.jar,reference:file:/Users/axelronquist/.m2/repository/p2/osgi/bundle/org.eclipse.xtext.common.types.edit/2.10.0.v201605250459/org.eclipse.xtext.common.types.edit-2.10.0.v201605250459.jar,reference:file:/Users/axelronquist/.m2/repository/p2/osgi/bundle/org.eclipse.xtext.ecore/2.10.0.v201605250459/org.eclipse.xtext.ecore-2.10.0.v201605250459.jar,reference:file:/Users/axelronquist/.m2/repository/p2/osgi/bundle/org.eclipse.xtext.generator/2.10.0.v201605250459/org.eclipse.xtext.generator-2.10.0.v201605250459.jar,reference:file:/Users/axelronquist/.m2/repository/p2/osgi/bundle/org.eclipse.xtext.xtext.generator/2.10.0.v201605250459/org.eclipse.xtext.xtext.generator-2.10.0.v201605250459.jar,reference:file:/Users/axelronquist/.m2/repository/p2/osgi/bundle/org.eclipse.xtext.ide/2.10.0.v201605250459/org.eclipse.xtext.ide-2.10.0.v201605250459.jar,reference:file:/Users/axelronquist/.m2/repository/p2/osgi/bundle/org.eclipse.xtext.junit4/2.10.0.v201605250459/org.eclipse.xtext.junit4-2.10.0.v201605250459.jar,reference:file:/Users/axelronquist/.m2/repository/p2/osgi/bundle/org.junit/4.12.0.v201504281640/org.junit-4.12.0.v201504281640.jar,reference:file:/Users/axelronquist/.m2/repository/p2/osgi/bundle/org.eclipse.xtext.ui.codetemplates/2.10.0.v201605250459/org.eclipse.xtext.ui.codetemplates-2.10.0.v201605250459.jar,reference:file:/Users/axelronquist/.m2/repository/p2/osgi/bundle/org.eclipse.xtext.ui.codetemplates.ui/2.10.0.v201605250459/org.eclipse.xtext.ui.codetemplates.ui-2.10.0.v201605250459.jar,reference:file:/Users/axelronquist/.m2/repository/p2/osgi/bundle/org.eclipse.xtext.ui.shared/2.10.0.v201605250459/org.eclipse.xtext.ui.shared-2.10.0.v201605250459.jar,reference:file:/Users/axelronquist/.m2/repository/p2/osgi/bundle/org.eclipse.xtext.xbase/2.10.0.v201605250459/org.eclipse.xtext.xbase-2.10.0.v201605250459.jar,reference:file:/Users/axelronquist/.m2/repository/p2/osgi/bundle/org.eclipse.xtext.xbase.ide/2.10.0.v201605250459/org.eclipse.xtext.xbase.ide-2.10.0.v201605250459.jar,reference:file:/Users/axelronquist/.m2/repository/p2/osgi/bundle/org.eclipse.xtext.xbase.junit/2.10.0.v201605250459/org.eclipse.xtext.xbase.junit-2.10.0.v201605250459.jar,reference:file:/Users/axelronquist/.m2/repository/p2/osgi/bundle/org.eclipse.xtext.xbase.ui/2.10.0.v201605250459/org.eclipse.xtext.xbase.ui-2.10.0.v201605250459.jar,reference:file:/Users/axelronquist/.m2/repository/p2/osgi/bundle/org.hamcrest.core/1.3.0.v201303031735/org.hamcrest.core-1.3.0.v201303031735.jar,reference:file:/Users/axelronquist/.m2/repository/p2/osgi/bundle/org.w3c.dom.smil/1.0.1.v200903091627/org.w3c.dom.smil-1.0.1.v200903091627.jar,reference:file:/Users/axelronquist/.m2/repository/p2/osgi/bundle/org.eclipse.equinox.launcher/1.3.100.v20150511-1540/org.eclipse.equinox.launcher-1.3.100.v20150511-1540.jar,reference:file:/Users/axelronquist/git/xTextLanguage/uk.ac.ox.cs.xdrone.parent/uk.ac.ox.cs.xdrone/target/uk.ac.ox.cs.xdrone-1.0.0-SNAPSHOT.jar,reference:file:/Users/axelronquist/git/xTextLanguage/uk.ac.ox.cs.xdrone.parent/uk.ac.ox.cs.xdrone.tests,reference:file:/Users/axelronquist/.m2/repository/p2/osgi/bundle/org.eclipse.swt.win32.win32.x86_64/3.104.0.v20150528-0211/org.eclipse.swt.win32.win32.x86_64-3.104.0.v20150528-0211.jar,reference:file:/Users/axelronquist/.m2/repository/p2/osgi/bundle/org.eclipse.swt.gtk.linux.x86_64/3.104.0.v20150528-0211/org.eclipse.swt.gtk.linux.x86_64-3.104.0.v20150528-0211.jar,reference:file:/Users/axelronquist/.m2/repository/org/eclipse/tycho/org.eclipse.tycho.surefire.osgibooter/0.23.1/org.eclipse.tycho.surefire.osgibooter-0.23.1.jar,reference:file:/Users/axelronquist/.m2/repository/org/eclipse/tycho/org.eclipse.tycho.surefire.junit4/0.23.1/org.eclipse.tycho.surefire.junit4-0.23.1.jar"/>
    <property name="http.nonProxyHosts" value="local|*.local|169.254/16|*.169.254/16"/>
    <property name="java.endorsed.dirs" value="/Library/Java/JavaVirtualMachines/jdk1.8.0_92.jdk/Contents/Home/jre/lib/endorsed"/>
    <property name="osgi.tracefile" value="/Users/axelronquist/git/xTextLanguage/uk.ac.ox.cs.xdrone.parent/uk.ac.ox.cs.xdrone.tests/target/work/data/.metadata/trace.log"/>
    <property name="sun.cpu.isalist" value=""/>
    <property name="sun.jnu.encoding" value="UTF-8"/>
    <property name="eclipse.application" value="org.eclipse.tycho.surefire.osgibooter.headlesstest"/>
    <property name="file.encoding.pkg" value="sun.io"/>
    <property name="org.osgi.framework.vendor" value="Eclipse"/>
    <property name="file.separator" value="/"/>
    <property name="java.specification.name" value="Java Platform API Specification"/>
    <property name="osgi.checkConfiguration" value="true"/>
    <property name="java.class.version" value="52.0"/>
    <property name="user.country" value="GB"/>
    <property name="osgi.configuration.cascaded" value="false"/>
    <property name="java.home" value="/Library/Java/JavaVirtualMachines/jdk1.8.0_92.jdk/Contents/Home/jre"/>
    <property name="osgi.os" value="macosx"/>
    <property name="eclipse.commands" value="-data&#10;/Users/axelronquist/git/xTextLanguage/uk.ac.ox.cs.xdrone.parent/uk.ac.ox.cs.xdrone.tests/target/work/data&#10;-install&#10;/Users/axelronquist/git/xTextLanguage/uk.ac.ox.cs.xdrone.parent/uk.ac.ox.cs.xdrone.tests/target/work&#10;-configuration&#10;/Users/axelronquist/git/xTextLanguage/uk.ac.ox.cs.xdrone.parent/uk.ac.ox.cs.xdrone.tests/target/work/configuration&#10;-application&#10;org.eclipse.tycho.surefire.osgibooter.headlesstest&#10;-testproperties&#10;/Users/axelronquist/git/xTextLanguage/uk.ac.ox.cs.xdrone.parent/uk.ac.ox.cs.xdrone.tests/target/surefire.properties&#10;"/>
    <property name="java.vm.info" value="mixed mode"/>
    <property name="os.version" value="10.12.4"/>
    <property name="osgi.arch" value="x86_64"/>
    <property name="path.separator" value=":"/>
    <property name="java.vm.version" value="25.92-b14"/>
    <property name="org.osgi.supports.framework.fragment" value="true"/>
    <property name="osgi.framework.shape" value="jar"/>
    <property name="java.awt.printerjob" value="sun.lwawt.macosx.CPrinterJob"/>
    <property name="sun.io.unicode.encoding" value="UnicodeBig"/>
    <property name="org.osgi.framework.version" value="1.8.0"/>
    <property name="awt.toolkit" value="sun.lwawt.macosx.LWCToolkit"/>
    <property name="socksNonProxyHosts" value="local|*.local|169.254/16|*.169.254/16"/>
    <property name="ftp.nonProxyHosts" value="local|*.local|169.254/16|*.169.254/16"/>
    <property name="eclipse.stateSaveDelayInterval" value="30000"/>
    <property name="osgi.dev" value="file:/Users/axelronquist/git/xTextLanguage/uk.ac.ox.cs.xdrone.parent/uk.ac.ox.cs.xdrone.tests/target/work/dev.properties"/>
    <property name="osgi.install.area" value="file:/Users/axelronquist/git/xTextLanguage/uk.ac.ox.cs.xdrone.parent/uk.ac.ox.cs.xdrone.tests/target/work/"/>
    <property name="osgi.framework" value="file:/Users/axelronquist/.m2/repository/p2/osgi/bundle/org.eclipse.osgi/3.10.100.v20150529-1857/org.eclipse.osgi-3.10.100.v20150529-1857.jar"/>
    <property name="user.home" value="/Users/axelronquist"/>
    <property name="osgi.framework.useSystemProperties" value="true"/>
    <property name="java.specification.vendor" value="Oracle Corporation"/>
    <property name="osgi.nl" value="en_GB"/>
    <property name="java.library.path" value="/Users/axelronquist/Library/Java/Extensions:/Library/Java/Extensions:/Network/Library/Java/Extensions:/System/Library/Java/Extensions:/usr/lib/java:."/>
    <property name="java.vendor.url" value="http://java.oracle.com/"/>
    <property name="osgi.bundlefile.limit" value="100"/>
    <property name="eclipse.startTime" value="1493134054163"/>
    <property name="org.osgi.framework.os.version" value="10.12.4"/>
    <property name="gopherProxySet" value="false"/>
    <property name="java.vm.vendor" value="Oracle Corporation"/>
    <property name="java.runtime.name" value="Java(TM) SE Runtime Environment"/>
    <property name="java.class.path" value="/Users/axelronquist/.m2/repository/p2/osgi/bundle/org.eclipse.equinox.launcher/1.3.100.v20150511-1540/org.eclipse.equinox.launcher-1.3.100.v20150511-1540.jar"/>
    <property name="sun.java.command" value="/Users/axelronquist/.m2/repository/p2/osgi/bundle/org.eclipse.equinox.launcher/1.3.100.v20150511-1540/org.eclipse.equinox.launcher-1.3.100.v20150511-1540.jar -data /Users/axelronquist/git/xTextLanguage/uk.ac.ox.cs.xdrone.parent/uk.ac.ox.cs.xdrone.tests/target/work/data -install /Users/axelronquist/git/xTextLanguage/uk.ac.ox.cs.xdrone.parent/uk.ac.ox.cs.xdrone.tests/target/work -configuration /Users/axelronquist/git/xTextLanguage/uk.ac.ox.cs.xdrone.parent/uk.ac.ox.cs.xdrone.tests/target/work/configuration -application org.eclipse.tycho.surefire.osgibooter.headlesstest -testproperties /Users/axelronquist/git/xTextLanguage/uk.ac.ox.cs.xdrone.parent/uk.ac.ox.cs.xdrone.tests/target/surefire.properties"/>
    <property name="java.vm.specification.name" value="Java Virtual Machine Specification"/>
    <property name="java.vm.specification.version" value="1.8"/>
    <property name="sun.os.patch.level" value="unknown"/>
    <property name="sun.cpu.endian" value="little"/>
    <property name="gosh.args" value="--nointeractive"/>
    <property name="java.io.tmpdir" value="/var/folders/km/kkgl0y4s48zbcd_j1k9fzzvw0000gn/T/"/>
    <property name="java.vendor.url.bug" value="http://bugreport.sun.com/bugreport/"/>
    <property name="eclipse.home.location" value="file:/Users/axelronquist/git/xTextLanguage/uk.ac.ox.cs.xdrone.parent/uk.ac.ox.cs.xdrone.tests/target/work/"/>
    <property name="java.awt.graphicsenv" value="sun.awt.CGraphicsEnvironment"/>
    <property name="os.arch" value="x86_64"/>
    <property name="java.ext.dirs" value="/Users/axelronquist/Library/Java/Extensions:/Library/Java/JavaVirtualMachines/jdk1.8.0_92.jdk/Contents/Home/jre/lib/ext:/Library/Java/Extensions:/Network/Library/Java/Extensions:/System/Library/Java/Extensions:/usr/lib/java"/>
    <property name="user.dir" value="/Users/axelronquist/git/xTextLanguage/uk.ac.ox.cs.xdrone.parent/uk.ac.ox.cs.xdrone.tests"/>
    <property name="org.osgi.supports.framework.requirebundle" value="true"/>
    <property name="osgi.clean" value="true"/>
    <property name="line.separator" value="&#10;"/>
    <property name="java.vm.name" value="Java HotSpot(TM) 64-Bit Server VM"/>
    <property name="file.encoding" value="UTF-8"/>
    <property name="java.specification.version" value="1.8"/>
    <property name="org.osgi.framework.executionenvironment" value="OSGi/Minimum-1.0,OSGi/Minimum-1.1,OSGi/Minimum-1.2,JavaSE/compact1-1.8,JavaSE/compact2-1.8,JavaSE/compact3-1.8,JRE-1.1,J2SE-1.2,J2SE-1.3,J2SE-1.4,J2SE-1.5,JavaSE-1.6,JavaSE-1.7,JavaSE-1.8"/>
    <property name="osgi.configuration.area" value="file:/Users/axelronquist/git/xTextLanguage/uk.ac.ox.cs.xdrone.parent/uk.ac.ox.cs.xdrone.tests/target/work/configuration/"/>
    <property name="osgi.logfile" value="/Users/axelronquist/git/xTextLanguage/uk.ac.ox.cs.xdrone.parent/uk.ac.ox.cs.xdrone.tests/target/work/data/.metadata/.log"/>
  </properties>
  <testcase name="loadModel" classname="uk.ac.ox.cs.xdrone.tests.XDroneParsingTest" time="0.282"/>
</testsuite>